<?xml version="1.0" encoding="UTF-8"?>
<!-- Generated by org.testng.reporters.JUnitReportReporter -->
<testsuite hostname="DESKTOP-97LE2J0" failures="0" tests="21" name="runner.TestRunner" time="168.560" errors="0" timestamp="2025-09-08T11:51:11 IST" skipped="0">
  <testcase classname="runner.TestRunner" name="runScenario" time="5.340"/>
  <system-out/>
  <testcase classname="runner.TestRunner" name="runScenario" time="31.612"/>
  <system-out/>
  <testcase classname="runner.TestRunner" name="runScenario" time="2.487"/>
  <system-out/>
  <testcase classname="runner.TestRunner" name="runScenario" time="2.731"/>
  <system-out/>
  <testcase classname="runner.TestRunner" name="runScenario" time="9.156"/>
  <system-out/>
  <testcase classname="runner.TestRunner" name="runScenario" time="3.588"/>
  <system-out/>
  <testcase classname="runner.TestRunner" name="runScenario" time="8.644"/>
  <system-out/>
  <testcase classname="runner.TestRunner" name="runScenario" time="5.393"/>
  <system-out/>
  <testcase classname="runner.TestRunner" name="runScenario" time="5.437"/>
  <system-out/>
  <testcase classname="runner.TestRunner" name="runScenario" time="5.335"/>
  <system-out/>
  <testcase classname="runner.TestRunner" name="runScenario" time="9.436"/>
  <system-out/>
  <testcase classname="runner.TestRunner" name="runScenario" time="19.241"/>
  <system-out/>
  <testcase classname="runner.TestRunner" name="runScenario" time="3.037"/>
  <system-out/>
  <testcase classname="runner.TestRunner" name="runScenario" time="9.117"/>
  <system-out/>
  <testcase classname="runner.TestRunner" name="runScenario" time="2.198"/>
  <system-out/>
  <testcase classname="runner.TestRunner" name="runScenario" time="5.447"/>
  <system-out/>
  <testcase classname="runner.TestRunner" name="runScenario" time="5.305"/>
  <system-out/>
  <testcase classname="runner.TestRunner" name="runScenario" time="9.182"/>
  <system-out/>
  <testcase classname="runner.TestRunner" name="runScenario" time="5.359"/>
  <system-out/>
  <testcase classname="runner.TestRunner" name="runScenario" time="11.882"/>
  <system-out/>
  <testcase classname="runner.TestRunner" name="runScenario" time="8.633"/>
  <system-out/>
</testsuite> <!-- runner.TestRunner -->
