<?xml version="1.0" encoding="UTF-8"?>
<!-- Generated by org.testng.reporters.JUnitReportReporter -->
<testsuite hostname="DESKTOP-G3PKNVH" failures="0" tests="21" name="runner.TestRunner" time="203.694" errors="0" timestamp="2025-09-08T02:01:01 IST" skipped="0">
  <testcase classname="runner.TestRunner" name="runScenario" time="7.750"/>
  <system-out/>
  <testcase classname="runner.TestRunner" name="runScenario" time="10.087"/>
  <system-out/>
  <testcase classname="runner.TestRunner" name="runScenario" time="6.575"/>
  <system-out/>
  <testcase classname="runner.TestRunner" name="runScenario" time="6.793"/>
  <system-out/>
  <testcase classname="runner.TestRunner" name="runScenario" time="6.868"/>
  <system-out/>
  <testcase classname="runner.TestRunner" name="runScenario" time="23.866"/>
  <system-out/>
  <testcase classname="runner.TestRunner" name="runScenario" time="3.358"/>
  <system-out/>
  <testcase classname="runner.TestRunner" name="runScenario" time="6.847"/>
  <system-out/>
  <testcase classname="runner.TestRunner" name="runScenario" time="3.619"/>
  <system-out/>
  <testcase classname="runner.TestRunner" name="runScenario" time="6.366"/>
  <system-out/>
  <testcase classname="runner.TestRunner" name="runScenario" time="10.337"/>
  <system-out/>
  <testcase classname="runner.TestRunner" name="runScenario" time="11.114"/>
  <system-out/>
  <testcase classname="runner.TestRunner" name="runScenario" time="13.199"/>
  <system-out/>
  <testcase classname="runner.TestRunner" name="runScenario" time="33.100"/>
  <system-out/>
  <testcase classname="runner.TestRunner" name="runScenario" time="11.140"/>
  <system-out/>
  <testcase classname="runner.TestRunner" name="runScenario" time="10.803"/>
  <system-out/>
  <testcase classname="runner.TestRunner" name="runScenario" time="3.869"/>
  <system-out/>
  <testcase classname="runner.TestRunner" name="runScenario" time="11.115"/>
  <system-out/>
  <testcase classname="runner.TestRunner" name="runScenario" time="3.377"/>
  <system-out/>
  <testcase classname="runner.TestRunner" name="runScenario" time="6.690"/>
  <system-out/>
  <testcase classname="runner.TestRunner" name="runScenario" time="6.821"/>
  <system-out/>
</testsuite> <!-- runner.TestRunner -->
